0 info it worked if it ends with ok
1 verbose cli [ 'node', '/usr/local/bin/npm', 'install', '—g', 'http-server' ]
2 info using npm@2.12.1
3 info using node@v0.10.40
4 verbose node symlink /usr/local/bin/node
5 verbose install initial load of /development/package.json
6 verbose installManyTop reading scoped package data from /development/node_modules/async-foreach/package.json
7 verbose installManyTop reading scoped package data from /development/node_modules/babel-core/package.json
8 verbose installManyTop reading scoped package data from /development/node_modules/babel-loader/package.json
9 verbose installManyTop reading scoped package data from /development/node_modules/colors/package.json
10 verbose installManyTop reading scoped package data from /development/node_modules/ddp/package.json
11 verbose installManyTop reading scoped package data from /development/node_modules/ddpclient/package.json
12 verbose installManyTop reading scoped package data from /development/node_modules/ejs/package.json
13 verbose installManyTop reading scoped package data from /development/node_modules/express/package.json
14 verbose installManyTop reading scoped package data from /development/node_modules/express-ejs-layouts/package.json
15 verbose installManyTop reading scoped package data from /development/node_modules/express-session/package.json
16 verbose installManyTop reading scoped package data from /development/node_modules/mcquery/package.json
17 verbose installManyTop reading scoped package data from /development/node_modules/minecraft-protocol/package.json
18 verbose installManyTop reading scoped package data from /development/node_modules/mineflayer/package.json
19 verbose installManyTop reading scoped package data from /development/node_modules/needle/package.json
20 verbose installManyTop reading scoped package data from /development/node_modules/node-notifier/package.json
21 verbose installManyTop reading scoped package data from /development/node_modules/osx-notifier/package.json
22 verbose installManyTop reading scoped package data from /development/node_modules/promise/package.json
23 verbose installManyTop reading scoped package data from /development/node_modules/react/package.json
24 verbose installManyTop reading scoped package data from /development/node_modules/react-dom/package.json
25 verbose installManyTop reading scoped package data from /development/node_modules/rethinkdb/package.json
26 verbose installManyTop reading scoped package data from /development/node_modules/session-rethinkdb/package.json
27 verbose installManyTop reading scoped package data from /development/node_modules/socket.io/package.json
28 verbose installManyTop reading scoped package data from /development/node_modules/socketcluster-client/package.json
29 verbose installManyTop reading scoped package data from /development/node_modules/webpack/package.json
30 verbose installManyTop reading scoped package data from /development/node_modules/xml2js/package.json
31 info package.json async-foreach@0.1.3 No license field.
32 info package.json ddpclient@0.6.2 No license field.
33 info package.json minecraft-protocol@0.14.0 license should be a valid SPDX license expression
34 info package.json rethinkdb@2.0.0 No license field.
35 info package.json socketcluster-client@2.2.37 No license field.
36 info package.json ddp@0.11.0 license should be a valid SPDX license expression
37 info package.json express-ejs-layouts@1.1.0 No license field.
38 info package.json mcquery@0.2.5 No license field.
39 info package.json socket.io@1.3.5 No license field.
40 info package.json xml2js@0.4.6 No license field.
41 verbose readDependencies loading dependencies from /development/package.json
42 silly cache add args [ '—g', null ]
43 verbose cache add spec —g
44 silly cache add args [ 'http-server', null ]
45 verbose cache add spec http-server
46 silly cache add parsed spec { raw: '—g',
46 silly cache add   scope: null,
46 silly cache add   name: null,
46 silly cache add   rawSpec: '—g',
46 silly cache add   spec: '/development/reactiveclass/—g',
46 silly cache add   type: 'local' }
47 silly cache add parsed spec { raw: 'http-server',
47 silly cache add   scope: null,
47 silly cache add   name: 'http-server',
47 silly cache add   rawSpec: '',
47 silly cache add   spec: '*',
47 silly cache add   type: 'range' }
48 silly addNamed http-server@*
49 verbose addNamed "*" is a valid semver range for http-server
50 silly addNameRange { name: 'http-server', range: '*', hasData: false }
51 silly mapToRegistry name http-server
52 silly mapToRegistry using default registry
53 silly mapToRegistry registry https://registry.npmjs.org/
54 silly mapToRegistry uri https://registry.npmjs.org/http-server
55 verbose addNameRange registry:https://registry.npmjs.org/http-server not in flight; fetching
56 error addLocal Could not install /development/reactiveclass/—g
57 verbose request uri https://registry.npmjs.org/http-server
58 verbose request no auth needed
59 info attempt registry request try #1 at 18:10:03
60 verbose request id a9ea8c9a66e27acf
61 verbose etag "DM6ZL09DQBQCIMH34DUAAVEH3"
62 http request GET https://registry.npmjs.org/http-server
63 http 304 https://registry.npmjs.org/http-server
64 silly get cb [ 304,
64 silly get   { date: 'Sun, 25 Oct 2015 17:10:04 GMT',
64 silly get     via: '1.1 varnish',
64 silly get     'cache-control': 'max-age=60',
64 silly get     etag: '"DM6ZL09DQBQCIMH34DUAAVEH3"',
64 silly get     age: '20',
64 silly get     connection: 'keep-alive',
64 silly get     'x-served-by': 'cache-fra1236-FRA',
64 silly get     'x-cache': 'HIT',
64 silly get     'x-cache-hits': '1',
64 silly get     'x-timer': 'S1445793004.520630,VS0,VE0',
64 silly get     vary: 'Accept' } ]
65 verbose etag https://registry.npmjs.org/http-server from cache
66 verbose get saving http-server to /Users/bramvandenbogaerde/.npm/registry.npmjs.org/http-server/.cache.json
67 silly addNameRange number 2 { name: 'http-server', range: '*', hasData: true }
68 silly addNameRange versions [ 'http-server',
68 silly addNameRange   [ '0.1.0',
68 silly addNameRange     '0.1.1',
68 silly addNameRange     '0.1.3',
68 silly addNameRange     '0.2.1',
68 silly addNameRange     '0.2.2',
68 silly addNameRange     '0.2.3',
68 silly addNameRange     '0.2.4',
68 silly addNameRange     '0.2.5',
68 silly addNameRange     '0.2.6',
68 silly addNameRange     '0.2.9',
68 silly addNameRange     '0.3.0',
68 silly addNameRange     '0.4.0',
68 silly addNameRange     '0.4.1',
68 silly addNameRange     '0.5.0',
68 silly addNameRange     '0.5.1',
68 silly addNameRange     '0.5.2',
68 silly addNameRange     '0.5.3',
68 silly addNameRange     '0.5.5',
68 silly addNameRange     '0.6.0',
68 silly addNameRange     '0.6.1',
68 silly addNameRange     '0.7.0',
68 silly addNameRange     '0.7.1',
68 silly addNameRange     '0.7.2',
68 silly addNameRange     '0.7.3',
68 silly addNameRange     '0.7.4',
68 silly addNameRange     '0.7.5',
68 silly addNameRange     '0.8.0',
68 silly addNameRange     '0.8.1',
68 silly addNameRange     '0.8.2',
68 silly addNameRange     '0.8.3',
68 silly addNameRange     '0.8.4',
68 silly addNameRange     '0.8.5' ] ]
69 silly addNamed http-server@0.8.5
70 verbose addNamed "0.8.5" is a plain semver version for http-server
71 silly cache afterAdd http-server@0.8.5
72 verbose afterAdd /Users/bramvandenbogaerde/.npm/http-server/0.8.5/package/package.json not in flight; writing
73 verbose afterAdd /Users/bramvandenbogaerde/.npm/http-server/0.8.5/package/package.json written
74 verbose stack Error: ENOENT, open '/development/reactiveclass/—g'
75 verbose cwd /development/reactiveclass
76 error Darwin 14.5.0
77 error argv "node" "/usr/local/bin/npm" "install" "—g" "http-server"
78 error node v0.10.40
79 error npm  v2.12.1
80 error path /development/reactiveclass/—g
81 error code ENOENT
82 error errno 34
83 error enoent ENOENT, open '/development/reactiveclass/—g'
83 error enoent This is most likely not a problem with npm itself
83 error enoent and is related to npm not being able to find a file.
84 verbose exit [ 34, true ]
